mode: atomic
github.com/abdoElHodaky/tradSys/cmd/tradsys/main.go:42.13,44.22 1 0
github.com/abdoElHodaky/tradSys/cmd/tradsys/main.go:44.22,47.3 2 0
github.com/abdoElHodaky/tradSys/cmd/tradsys/main.go:49.2,54.17 3 0
github.com/abdoElHodaky/tradSys/cmd/tradsys/main.go:55.16,56.14 1 0
github.com/abdoElHodaky/tradSys/cmd/tradsys/main.go:57.17,58.15 1 0
github.com/abdoElHodaky/tradSys/cmd/tradsys/main.go:59.16,60.20 1 0
github.com/abdoElHodaky/tradSys/cmd/tradsys/main.go:61.14,62.19 1 0
github.com/abdoElHodaky/tradSys/cmd/tradsys/main.go:63.20,64.25 1 0
github.com/abdoElHodaky/tradSys/cmd/tradsys/main.go:65.12,66.24 1 0
github.com/abdoElHodaky/tradSys/cmd/tradsys/main.go:67.17,68.17 1 0
github.com/abdoElHodaky/tradSys/cmd/tradsys/main.go:69.30,70.15 1 0
github.com/abdoElHodaky/tradSys/cmd/tradsys/main.go:71.10,74.13 3 0
github.com/abdoElHodaky/tradSys/cmd/tradsys/main.go:78.19,95.2 16 0
github.com/abdoElHodaky/tradSys/cmd/tradsys/main.go:97.21,100.2 2 0
github.com/abdoElHodaky/tradSys/cmd/tradsys/main.go:102.18,107.16 3 0
github.com/abdoElHodaky/tradSys/cmd/tradsys/main.go:107.16,109.3 1 0
github.com/abdoElHodaky/tradSys/cmd/tradsys/main.go:110.2,115.16 3 0
github.com/abdoElHodaky/tradSys/cmd/tradsys/main.go:115.16,117.3 1 0
github.com/abdoElHodaky/tradSys/cmd/tradsys/main.go:120.2,121.16 2 0
github.com/abdoElHodaky/tradSys/cmd/tradsys/main.go:121.16,123.3 1 0
github.com/abdoElHodaky/tradSys/cmd/tradsys/main.go:126.2,135.45 6 0
github.com/abdoElHodaky/tradSys/cmd/tradsys/main.go:135.45,142.3 1 0
github.com/abdoElHodaky/tradSys/cmd/tradsys/main.go:145.2,145.44 1 0
github.com/abdoElHodaky/tradSys/cmd/tradsys/main.go:145.44,155.3 1 0
github.com/abdoElHodaky/tradSys/cmd/tradsys/main.go:158.2,158.46 1 0
github.com/abdoElHodaky/tradSys/cmd/tradsys/main.go:158.46,161.3 1 0
github.com/abdoElHodaky/tradSys/cmd/tradsys/main.go:164.2,173.12 2 0
github.com/abdoElHodaky/tradSys/cmd/tradsys/main.go:173.12,175.80 2 0
github.com/abdoElHodaky/tradSys/cmd/tradsys/main.go:175.80,177.4 1 0
github.com/abdoElHodaky/tradSys/cmd/tradsys/main.go:181.2,191.45 7 0
github.com/abdoElHodaky/tradSys/cmd/tradsys/main.go:191.45,193.3 1 0
github.com/abdoElHodaky/tradSys/cmd/tradsys/main.go:195.2,195.30 1 0
github.com/abdoElHodaky/tradSys/cmd/tradsys/main.go:199.19,204.16 3 0
github.com/abdoElHodaky/tradSys/cmd/tradsys/main.go:204.16,206.3 1 0
github.com/abdoElHodaky/tradSys/cmd/tradsys/main.go:209.2,210.16 2 0
github.com/abdoElHodaky/tradSys/cmd/tradsys/main.go:210.16,212.3 1 0
github.com/abdoElHodaky/tradSys/cmd/tradsys/main.go:213.2,222.46 3 0
github.com/abdoElHodaky/tradSys/cmd/tradsys/main.go:222.46,224.3 1 0
github.com/abdoElHodaky/tradSys/cmd/tradsys/main.go:227.24,232.16 3 0
github.com/abdoElHodaky/tradSys/cmd/tradsys/main.go:232.16,234.3 1 0
github.com/abdoElHodaky/tradSys/cmd/tradsys/main.go:237.2,238.16 2 0
github.com/abdoElHodaky/tradSys/cmd/tradsys/main.go:238.16,240.3 1 0
github.com/abdoElHodaky/tradSys/cmd/tradsys/main.go:241.2,253.16 6 0
github.com/abdoElHodaky/tradSys/cmd/tradsys/main.go:253.16,255.3 1 0
github.com/abdoElHodaky/tradSys/cmd/tradsys/main.go:257.2,258.46 2 0
github.com/abdoElHodaky/tradSys/cmd/tradsys/main.go:258.46,260.3 1 0
github.com/abdoElHodaky/tradSys/cmd/tradsys/main.go:263.23,268.16 3 0
github.com/abdoElHodaky/tradSys/cmd/tradsys/main.go:268.16,270.3 1 0
github.com/abdoElHodaky/tradSys/cmd/tradsys/main.go:273.2,274.16 2 0
github.com/abdoElHodaky/tradSys/cmd/tradsys/main.go:274.16,276.3 1 0
github.com/abdoElHodaky/tradSys/cmd/tradsys/main.go:277.2,293.16 6 0
github.com/abdoElHodaky/tradSys/cmd/tradsys/main.go:293.16,295.3 1 0
github.com/abdoElHodaky/tradSys/cmd/tradsys/main.go:297.2,298.46 2 0
github.com/abdoElHodaky/tradSys/cmd/tradsys/main.go:298.46,300.3 1 0
github.com/abdoElHodaky/tradSys/cmd/tradsys/main.go:303.29,308.16 3 0
github.com/abdoElHodaky/tradSys/cmd/tradsys/main.go:308.16,310.3 1 0
github.com/abdoElHodaky/tradSys/cmd/tradsys/main.go:313.2,314.16 2 0
github.com/abdoElHodaky/tradSys/cmd/tradsys/main.go:314.16,316.3 1 0
github.com/abdoElHodaky/tradSys/cmd/tradsys/main.go:317.2,327.45 4 0
github.com/abdoElHodaky/tradSys/cmd/tradsys/main.go:327.45,329.3 1 0
github.com/abdoElHodaky/tradSys/cmd/tradsys/main.go:332.2,342.52 7 0
github.com/abdoElHodaky/tradSys/cmd/tradsys/main.go:342.52,344.3 1 0
github.com/abdoElHodaky/tradSys/cmd/tradsys/main.go:346.2,346.43 1 0
github.com/abdoElHodaky/tradSys/cmd/tradsys/main.go:349.28,354.16 3 0
github.com/abdoElHodaky/tradSys/cmd/tradsys/main.go:354.16,356.3 1 0
github.com/abdoElHodaky/tradSys/cmd/tradsys/main.go:359.2,360.16 2 0
github.com/abdoElHodaky/tradSys/cmd/tradsys/main.go:360.16,362.3 1 0
github.com/abdoElHodaky/tradSys/cmd/tradsys/main.go:363.2,372.61 3 0
github.com/abdoElHodaky/tradSys/cmd/tradsys/main.go:372.61,374.3 1 0
github.com/abdoElHodaky/tradSys/cmd/tradsys/main.go:378.74,381.16 2 0
github.com/abdoElHodaky/tradSys/cmd/tradsys/main.go:381.16,383.3 1 0
github.com/abdoElHodaky/tradSys/cmd/tradsys/main.go:386.2,411.8 7 0
github.com/abdoElHodaky/tradSys/cmd/tradsys/main.go:426.69,428.2 1 0
github.com/abdoElHodaky/tradSys/cmd/tradsys/main.go:431.73,439.2 1 0
github.com/abdoElHodaky/tradSys/internal/config/config.go:41.27,63.2 1 0
github.com/abdoElHodaky/tradSys/internal/config/config.go:66.38,67.31 1 0
github.com/abdoElHodaky/tradSys/internal/config/config.go:67.31,69.3 1 0
github.com/abdoElHodaky/tradSys/internal/config/config.go:70.2,70.23 1 0
github.com/abdoElHodaky/tradSys/internal/config/config.go:70.23,72.3 1 0
github.com/abdoElHodaky/tradSys/internal/config/config.go:73.2,73.23 1 0
github.com/abdoElHodaky/tradSys/internal/config/config.go:73.23,75.3 1 0
github.com/abdoElHodaky/tradSys/internal/config/config.go:76.2,76.27 1 0
github.com/abdoElHodaky/tradSys/internal/config/config.go:76.27,78.3 1 0
github.com/abdoElHodaky/tradSys/internal/config/config.go:79.2,79.12 1 0
github.com/abdoElHodaky/tradSys/internal/config/config.go:83.32,85.43 1 0
github.com/abdoElHodaky/tradSys/internal/config/config.go:85.43,90.3 4 0
github.com/abdoElHodaky/tradSys/internal/config/config.go:93.2,94.29 2 0
github.com/abdoElHodaky/tradSys/internal/config/database.go:38.81,39.19 1 0
github.com/abdoElHodaky/tradSys/internal/config/database.go:39.19,55.3 1 0
github.com/abdoElHodaky/tradSys/internal/config/database.go:58.2,64.25 2 0
github.com/abdoElHodaky/tradSys/internal/config/database.go:64.25,66.3 1 0
github.com/abdoElHodaky/tradSys/internal/config/database.go:69.2,70.16 2 0
github.com/abdoElHodaky/tradSys/internal/config/database.go:70.16,72.3 1 0
github.com/abdoElHodaky/tradSys/internal/config/database.go:75.2,76.16 2 0
github.com/abdoElHodaky/tradSys/internal/config/database.go:76.16,78.3 1 0
github.com/abdoElHodaky/tradSys/internal/config/database.go:81.2,86.52 4 0
github.com/abdoElHodaky/tradSys/internal/config/database.go:86.52,88.3 1 0
github.com/abdoElHodaky/tradSys/internal/config/database.go:90.2,90.16 1 0
github.com/abdoElHodaky/tradSys/internal/config/database.go:94.68,106.28 2 0
github.com/abdoElHodaky/tradSys/internal/config/database.go:106.28,111.3 1 0
github.com/abdoElHodaky/tradSys/internal/config/database.go:114.2,129.33 3 0
github.com/abdoElHodaky/tradSys/internal/config/database.go:129.33,131.44 2 0
github.com/abdoElHodaky/tradSys/internal/config/database.go:131.44,133.4 1 0
github.com/abdoElHodaky/tradSys/internal/config/database.go:136.2,136.12 1 0
github.com/abdoElHodaky/tradSys/internal/config/database.go:140.83,141.19 1 0
github.com/abdoElHodaky/tradSys/internal/config/database.go:141.19,154.3 1 0
github.com/abdoElHodaky/tradSys/internal/config/database.go:157.2,158.16 2 0
github.com/abdoElHodaky/tradSys/internal/config/database.go:158.16,160.3 1 0
github.com/abdoElHodaky/tradSys/internal/config/database.go:163.2,168.55 4 0
github.com/abdoElHodaky/tradSys/internal/config/database.go:168.55,170.3 1 0
github.com/abdoElHodaky/tradSys/internal/config/database.go:172.2,172.16 1 0
github.com/abdoElHodaky/tradSys/internal/config/database.go:176.70,191.28 2 0
github.com/abdoElHodaky/tradSys/internal/config/database.go:191.28,193.3 1 0
github.com/abdoElHodaky/tradSys/internal/config/database.go:196.2,196.33 1 0
github.com/abdoElHodaky/tradSys/internal/config/database.go:196.33,197.44 1 0
github.com/abdoElHodaky/tradSys/internal/config/database.go:197.44,199.4 1 0
github.com/abdoElHodaky/tradSys/internal/config/database.go:202.2,202.12 1 0
github.com/abdoElHodaky/tradSys/internal/config/database.go:206.45,216.41 2 0
github.com/abdoElHodaky/tradSys/internal/config/database.go:216.41,219.57 3 0
github.com/abdoElHodaky/tradSys/internal/config/database.go:219.57,221.4 1 0
github.com/abdoElHodaky/tradSys/internal/config/database.go:223.3,223.36 1 0
github.com/abdoElHodaky/tradSys/internal/config/database.go:223.36,226.4 1 0
github.com/abdoElHodaky/tradSys/internal/config/database.go:229.2,229.12 1 0
github.com/abdoElHodaky/tradSys/internal/config/database.go:233.68,242.35 3 0
github.com/abdoElHodaky/tradSys/internal/config/database.go:242.35,245.56 3 0
github.com/abdoElHodaky/tradSys/internal/config/database.go:245.56,247.4 1 0
github.com/abdoElHodaky/tradSys/internal/config/database.go:248.3,248.22 1 0
github.com/abdoElHodaky/tradSys/internal/config/database.go:252.2,253.16 2 0
github.com/abdoElHodaky/tradSys/internal/config/database.go:253.16,255.3 1 0
github.com/abdoElHodaky/tradSys/internal/config/database.go:257.2,268.19 11 0
github.com/abdoElHodaky/tradSys/internal/config/gc_tuning.go:54.50,55.19 1 0
github.com/abdoElHodaky/tradSys/internal/config/gc_tuning.go:55.19,67.3 1 0
github.com/abdoElHodaky/tradSys/internal/config/gc_tuning.go:70.2,73.30 2 0
github.com/abdoElHodaky/tradSys/internal/config/gc_tuning.go:73.30,75.3 1 0
github.com/abdoElHodaky/tradSys/internal/config/gc_tuning.go:78.2,78.25 1 0
github.com/abdoElHodaky/tradSys/internal/config/gc_tuning.go:78.25,80.3 1 0
github.com/abdoElHodaky/tradSys/internal/config/gc_tuning.go:80.8,82.3 1 0
github.com/abdoElHodaky/tradSys/internal/config/gc_tuning.go:85.2,85.30 1 0
github.com/abdoElHodaky/tradSys/internal/config/gc_tuning.go:85.30,87.3 1 0
github.com/abdoElHodaky/tradSys/internal/config/gc_tuning.go:90.2,90.31 1 0
github.com/abdoElHodaky/tradSys/internal/config/gc_tuning.go:90.31,92.3 1 0
github.com/abdoElHodaky/tradSys/internal/config/gc_tuning.go:94.2,94.12 1 0
github.com/abdoElHodaky/tradSys/internal/config/gc_tuning.go:98.36,106.2 3 0
github.com/abdoElHodaky/tradSys/internal/config/gc_tuning.go:109.45,116.21 5 0
github.com/abdoElHodaky/tradSys/internal/config/gc_tuning.go:116.21,122.18 4 0
github.com/abdoElHodaky/tradSys/internal/config/gc_tuning.go:122.18,125.52 2 0
github.com/abdoElHodaky/tradSys/internal/config/gc_tuning.go:125.52,128.5 2 0
github.com/abdoElHodaky/tradSys/internal/config/gc_tuning.go:129.4,136.5 2 0
github.com/abdoElHodaky/tradSys/internal/config/gc_tuning.go:139.3,139.20 1 0
github.com/abdoElHodaky/tradSys/internal/config/gc_tuning.go:144.28,174.2 6 0
github.com/abdoElHodaky/tradSys/internal/config/gc_tuning.go:177.16,179.2 1 0
github.com/abdoElHodaky/tradSys/internal/config/gc_tuning.go:182.46,229.2 3 0
github.com/abdoElHodaky/tradSys/internal/config/gc_tuning.go:232.29,246.2 2 0
github.com/abdoElHodaky/tradSys/internal/config/gc_tuning.go:249.32,263.2 2 0
github.com/abdoElHodaky/tradSys/internal/config/gc_tuning.go:266.50,267.53 1 0
github.com/abdoElHodaky/tradSys/internal/config/gc_tuning.go:267.53,269.3 1 0
github.com/abdoElHodaky/tradSys/internal/config/gc_tuning.go:271.2,271.29 1 0
github.com/abdoElHodaky/tradSys/internal/config/gc_tuning.go:271.29,273.3 1 0
github.com/abdoElHodaky/tradSys/internal/config/gc_tuning.go:275.2,275.50 1 0
github.com/abdoElHodaky/tradSys/internal/config/gc_tuning.go:275.50,277.3 1 0
github.com/abdoElHodaky/tradSys/internal/config/gc_tuning.go:279.2,279.25 1 0
github.com/abdoElHodaky/tradSys/internal/config/gc_tuning.go:279.25,281.3 1 0
github.com/abdoElHodaky/tradSys/internal/config/gc_tuning.go:283.2,283.33 1 0
github.com/abdoElHodaky/tradSys/internal/config/gc_tuning.go:283.33,285.3 1 0
github.com/abdoElHodaky/tradSys/internal/config/gc_tuning.go:287.2,287.12 1 0
github.com/abdoElHodaky/tradSys/internal/config/gin.go:44.56,45.19 1 0
github.com/abdoElHodaky/tradSys/internal/config/gin.go:45.19,62.3 1 0
github.com/abdoElHodaky/tradSys/internal/config/gin.go:65.2,68.32 2 0
github.com/abdoElHodaky/tradSys/internal/config/gin.go:68.32,70.3 1 0
github.com/abdoElHodaky/tradSys/internal/config/gin.go:73.2,83.36 7 0
github.com/abdoElHodaky/tradSys/internal/config/gin.go:83.36,85.3 1 0
github.com/abdoElHodaky/tradSys/internal/config/gin.go:85.8,88.3 1 0
github.com/abdoElHodaky/tradSys/internal/config/gin.go:91.2,93.15 2 0
github.com/abdoElHodaky/tradSys/internal/config/gin.go:97.65,99.27 1 0
github.com/abdoElHodaky/tradSys/internal/config/gin.go:99.27,101.3 1 0
github.com/abdoElHodaky/tradSys/internal/config/gin.go:104.2,104.25 1 0
github.com/abdoElHodaky/tradSys/internal/config/gin.go:104.25,106.3 1 0
github.com/abdoElHodaky/tradSys/internal/config/gin.go:109.2,109.23 1 0
github.com/abdoElHodaky/tradSys/internal/config/gin.go:109.23,111.3 1 0
github.com/abdoElHodaky/tradSys/internal/config/gin.go:114.2,114.23 1 0
github.com/abdoElHodaky/tradSys/internal/config/gin.go:114.23,116.3 1 0
github.com/abdoElHodaky/tradSys/internal/config/gin.go:138.77,139.19 1 0
github.com/abdoElHodaky/tradSys/internal/config/gin.go:139.19,150.3 1 0
github.com/abdoElHodaky/tradSys/internal/config/gin.go:152.2,165.15 3 0
github.com/abdoElHodaky/tradSys/internal/config/gin.go:181.65,182.19 1 0
github.com/abdoElHodaky/tradSys/internal/config/gin.go:182.19,191.3 1 0
github.com/abdoElHodaky/tradSys/internal/config/gin.go:194.2,194.30 1 0
github.com/abdoElHodaky/tradSys/internal/config/gin.go:194.30,195.46 1 0
github.com/abdoElHodaky/tradSys/internal/config/gin.go:195.46,200.4 1 0
github.com/abdoElHodaky/tradSys/internal/config/gin.go:203.3,203.45 1 0
github.com/abdoElHodaky/tradSys/internal/config/gin.go:203.45,208.4 1 0
github.com/abdoElHodaky/tradSys/internal/config/gin.go:212.2,212.26 1 0
github.com/abdoElHodaky/tradSys/internal/config/gin.go:212.26,214.3 1 0
github.com/abdoElHodaky/tradSys/internal/config/gin.go:217.2,217.28 1 0
github.com/abdoElHodaky/tradSys/internal/config/gin.go:217.28,219.3 1 0
github.com/abdoElHodaky/tradSys/internal/config/gin.go:222.2,222.29 1 0
github.com/abdoElHodaky/tradSys/internal/config/gin.go:222.29,224.3 1 0
github.com/abdoElHodaky/tradSys/internal/config/gin.go:224.8,226.3 1 0
github.com/abdoElHodaky/tradSys/internal/config/gin.go:230.63,235.2 3 0
github.com/abdoElHodaky/tradSys/internal/config/gin.go:235.2,236.40 1 0
github.com/abdoElHodaky/tradSys/internal/config/gin.go:236.40,238.4 1 0
github.com/abdoElHodaky/tradSys/internal/config/gin.go:239.3,239.43 1 0
github.com/abdoElHodaky/tradSys/internal/config/gin.go:239.43,241.4 1 0
github.com/abdoElHodaky/tradSys/internal/config/gin.go:242.3,242.43 1 0
github.com/abdoElHodaky/tradSys/internal/config/gin.go:242.43,244.4 1 0
github.com/abdoElHodaky/tradSys/internal/config/gin.go:245.3,245.46 1 0
github.com/abdoElHodaky/tradSys/internal/config/gin.go:245.46,247.4 1 0
github.com/abdoElHodaky/tradSys/internal/config/gin.go:248.3,248.39 1 0
github.com/abdoElHodaky/tradSys/internal/config/gin.go:248.39,250.4 1 0
github.com/abdoElHodaky/tradSys/internal/config/gin.go:254.2,255.2 2 0
github.com/abdoElHodaky/tradSys/internal/config/gin.go:255.2,257.53 1 0
github.com/abdoElHodaky/tradSys/internal/config/gin.go:257.53,260.4 1 0
github.com/abdoElHodaky/tradSys/internal/config/gin.go:262.3,262.53 1 0
github.com/abdoElHodaky/tradSys/internal/config/gin.go:262.53,265.4 1 0
github.com/abdoElHodaky/tradSys/internal/config/gin.go:269.2,269.38 1 0
github.com/abdoElHodaky/tradSys/internal/config/gin.go:269.38,272.3 1 0
github.com/abdoElHodaky/tradSys/internal/config/gin.go:276.44,279.2 2 0
github.com/abdoElHodaky/tradSys/internal/config/gin.go:279.2,280.40 1 0
github.com/abdoElHodaky/tradSys/internal/config/gin.go:280.40,282.4 1 0
github.com/abdoElHodaky/tradSys/internal/config/gin.go:283.3,283.43 1 0
github.com/abdoElHodaky/tradSys/internal/config/gin.go:283.43,285.4 1 0
github.com/abdoElHodaky/tradSys/internal/config/gin.go:286.3,286.43 1 0
github.com/abdoElHodaky/tradSys/internal/config/gin.go:286.43,288.4 1 0
github.com/abdoElHodaky/tradSys/internal/config/gin.go:289.3,289.46 1 0
github.com/abdoElHodaky/tradSys/internal/config/gin.go:289.46,291.4 1 0
github.com/abdoElHodaky/tradSys/internal/config/gin.go:292.3,292.39 1 0
github.com/abdoElHodaky/tradSys/internal/config/gin.go:292.39,294.4 1 0
github.com/abdoElHodaky/tradSys/internal/config/gin.go:298.2,299.2 2 0
github.com/abdoElHodaky/tradSys/internal/config/gin.go:299.2,300.53 1 0
github.com/abdoElHodaky/tradSys/internal/config/gin.go:300.53,302.4 1 0
github.com/abdoElHodaky/tradSys/internal/config/gin.go:304.3,304.53 1 0
github.com/abdoElHodaky/tradSys/internal/config/gin.go:304.53,306.4 1 0
github.com/abdoElHodaky/tradSys/internal/config/gin.go:310.2,310.41 1 0
github.com/abdoElHodaky/tradSys/internal/config/gin.go:310.41,312.3 1 0
github.com/abdoElHodaky/tradSys/internal/config/gin.go:323.79,324.20 1 0
github.com/abdoElHodaky/tradSys/internal/config/gin.go:324.20,326.3 1 0
github.com/abdoElHodaky/tradSys/internal/config/gin.go:329.2,337.23 4 0
github.com/abdoElHodaky/tradSys/internal/config/gin.go:341.55,342.19 1 0
github.com/abdoElHodaky/tradSys/internal/config/gin.go:342.19,344.3 1 0
github.com/abdoElHodaky/tradSys/internal/config/gin.go:346.2,346.36 1 0
github.com/abdoElHodaky/tradSys/internal/config/gin.go:346.36,348.3 1 0
github.com/abdoElHodaky/tradSys/internal/config/gin.go:350.2,350.29 1 0
github.com/abdoElHodaky/tradSys/internal/config/gin.go:350.29,352.3 1 0
github.com/abdoElHodaky/tradSys/internal/config/gin.go:354.2,354.30 1 0
github.com/abdoElHodaky/tradSys/internal/config/gin.go:354.30,356.3 1 0
github.com/abdoElHodaky/tradSys/internal/config/gin.go:358.2,358.29 1 0
github.com/abdoElHodaky/tradSys/internal/config/gin.go:358.29,360.3 1 0
github.com/abdoElHodaky/tradSys/internal/config/gin.go:362.2,362.12 1 0
github.com/abdoElHodaky/tradSys/internal/config/gin.go:366.64,375.31 5 0
github.com/abdoElHodaky/tradSys/internal/config/gin.go:375.31,377.3 1 0
github.com/abdoElHodaky/tradSys/internal/config/gin.go:378.2,389.14 7 0
github.com/abdoElHodaky/tradSys/internal/config/manager.go:150.84,153.16 2 0
github.com/abdoElHodaky/tradSys/internal/config/manager.go:153.16,155.3 1 0
github.com/abdoElHodaky/tradSys/internal/config/manager.go:157.2,178.41 7 0
github.com/abdoElHodaky/tradSys/internal/config/manager.go:178.41,180.3 1 0
github.com/abdoElHodaky/tradSys/internal/config/manager.go:183.2,183.43 1 0
github.com/abdoElHodaky/tradSys/internal/config/manager.go:183.43,185.3 1 0
github.com/abdoElHodaky/tradSys/internal/config/manager.go:187.2,187.17 1 0
github.com/abdoElHodaky/tradSys/internal/config/manager.go:191.42,262.2 49 0
github.com/abdoElHodaky/tradSys/internal/config/manager.go:265.47,267.49 1 0
github.com/abdoElHodaky/tradSys/internal/config/manager.go:267.49,268.48 1 0
github.com/abdoElHodaky/tradSys/internal/config/manager.go:268.48,270.4 1 0
github.com/abdoElHodaky/tradSys/internal/config/manager.go:274.2,277.50 2 0
github.com/abdoElHodaky/tradSys/internal/config/manager.go:277.50,279.3 1 0
github.com/abdoElHodaky/tradSys/internal/config/manager.go:282.2,290.12 4 0
github.com/abdoElHodaky/tradSys/internal/config/manager.go:294.49,297.49 2 0
github.com/abdoElHodaky/tradSys/internal/config/manager.go:297.49,299.3 1 0
github.com/abdoElHodaky/tradSys/internal/config/manager.go:302.2,305.12 3 0
github.com/abdoElHodaky/tradSys/internal/config/manager.go:309.40,312.6 2 0
github.com/abdoElHodaky/tradSys/internal/config/manager.go:312.6,313.10 1 0
github.com/abdoElHodaky/tradSys/internal/config/manager.go:314.23,315.10 1 0
github.com/abdoElHodaky/tradSys/internal/config/manager.go:316.40,317.11 1 0
github.com/abdoElHodaky/tradSys/internal/config/manager.go:317.11,319.5 1 0
github.com/abdoElHodaky/tradSys/internal/config/manager.go:322.4,322.128 1 0
github.com/abdoElHodaky/tradSys/internal/config/manager.go:322.128,324.12 1 0
github.com/abdoElHodaky/tradSys/internal/config/manager.go:325.37,325.37 0 0
github.com/abdoElHodaky/tradSys/internal/config/manager.go:326.13,326.13 0 0
github.com/abdoElHodaky/tradSys/internal/config/manager.go:329.38,330.11 1 0
github.com/abdoElHodaky/tradSys/internal/config/manager.go:330.11,332.5 1 0
github.com/abdoElHodaky/tradSys/internal/config/manager.go:333.4,333.49 1 0
github.com/abdoElHodaky/tradSys/internal/config/manager.go:334.23,339.41 2 0
github.com/abdoElHodaky/tradSys/internal/config/manager.go:339.41,341.5 1 0
github.com/abdoElHodaky/tradSys/internal/config/manager.go:341.10,343.5 1 0
github.com/abdoElHodaky/tradSys/internal/config/manager.go:349.70,353.39 3 0
github.com/abdoElHodaky/tradSys/internal/config/manager.go:353.39,355.3 1 0
github.com/abdoElHodaky/tradSys/internal/config/manager.go:359.58,361.2 1 0
github.com/abdoElHodaky/tradSys/internal/config/manager.go:364.79,369.2 3 0
github.com/abdoElHodaky/tradSys/internal/config/manager.go:372.42,376.2 3 0
github.com/abdoElHodaky/tradSys/internal/config/manager.go:379.56,380.19 1 0
github.com/abdoElHodaky/tradSys/internal/config/manager.go:380.19,382.3 1 0
github.com/abdoElHodaky/tradSys/internal/config/manager.go:385.2,390.36 2 0
github.com/abdoElHodaky/tradSys/internal/config/manager.go:390.36,392.3 1 0
github.com/abdoElHodaky/tradSys/internal/config/manager.go:395.2,395.65 1 0
github.com/abdoElHodaky/tradSys/internal/config/manager.go:395.65,397.3 1 0
github.com/abdoElHodaky/tradSys/internal/config/manager.go:400.2,400.42 1 0
github.com/abdoElHodaky/tradSys/internal/config/manager.go:400.42,402.3 1 0
github.com/abdoElHodaky/tradSys/internal/config/manager.go:403.2,403.43 1 0
github.com/abdoElHodaky/tradSys/internal/config/manager.go:403.43,405.3 1 0
github.com/abdoElHodaky/tradSys/internal/config/manager.go:408.2,408.45 1 0
github.com/abdoElHodaky/tradSys/internal/config/manager.go:408.45,410.3 1 0
github.com/abdoElHodaky/tradSys/internal/config/manager.go:411.2,411.37 1 0
github.com/abdoElHodaky/tradSys/internal/config/manager.go:411.37,413.3 1 0
github.com/abdoElHodaky/tradSys/internal/config/manager.go:416.2,416.44 1 0
github.com/abdoElHodaky/tradSys/internal/config/manager.go:416.44,418.3 1 0
github.com/abdoElHodaky/tradSys/internal/config/manager.go:419.2,419.87 1 0
github.com/abdoElHodaky/tradSys/internal/config/manager.go:419.87,421.3 1 0
github.com/abdoElHodaky/tradSys/internal/config/manager.go:424.2,424.53 1 0
github.com/abdoElHodaky/tradSys/internal/config/manager.go:424.53,426.3 1 0
github.com/abdoElHodaky/tradSys/internal/config/manager.go:428.2,428.12 1 0
github.com/abdoElHodaky/tradSys/internal/config/manager.go:432.65,434.16 2 0
github.com/abdoElHodaky/tradSys/internal/config/manager.go:434.16,436.3 1 0
github.com/abdoElHodaky/tradSys/internal/config/manager.go:438.2,439.54 2 0
github.com/abdoElHodaky/tradSys/internal/config/manager.go:439.54,441.3 1 0
github.com/abdoElHodaky/tradSys/internal/config/manager.go:443.2,443.21 1 0
github.com/abdoElHodaky/tradSys/internal/config/manager.go:447.68,449.16 2 0
github.com/abdoElHodaky/tradSys/internal/config/manager.go:449.16,451.3 1 0
github.com/abdoElHodaky/tradSys/internal/config/manager.go:453.2,453.55 1 0
github.com/abdoElHodaky/tradSys/internal/config/manager.go:453.55,455.3 1 0
github.com/abdoElHodaky/tradSys/internal/config/manager.go:457.2,457.12 1 0
github.com/abdoElHodaky/tradSys/internal/config/unified.go:333.60,360.2 22 0
github.com/abdoElHodaky/tradSys/internal/config/unified.go:363.33,364.25 1 0
github.com/abdoElHodaky/tradSys/internal/config/unified.go:364.25,366.3 1 0
github.com/abdoElHodaky/tradSys/internal/config/unified.go:367.2,367.21 1 0
